Flow report for PLIS
Sat Sep 19 12:18:04 2020
Quartus II 64-Bit Version 9.0 Build 132 02/25/2009 SJ Full Version


---------------------
; Table of Contents ;
---------------------
  1. Legal Notice
  2. Flow Summary
  3. Flow Settings
  4. Flow Non-Default Global Settings
  5. Flow Elapsed Time
  6. Flow OS Summary
  7. Flow Log



----------------
; Legal Notice ;
----------------
Copyright (C) 1991-2009 Altera Corporation
Your use of Altera Corporation's design tools, logic functions 
and other software and tools, and its AMPP partner logic 
functions, and any output files from any of the foregoing 
(including device programming or simulation files), and any 
associated documentation or information are expressly subject 
to the terms and conditions of the Altera Program License 
Subscription Agreement, Altera MegaCore Function License 
Agreement, or other applicable license agreement, including, 
without limitation, that your use is for the sole purpose of 
programming logic devices manufactured by Altera and sold by 
Altera or its authorized distributors.  Please refer to the 
applicable agreement for further details.



+--------------------------------------------------------------------------+
; Flow Summary                                                             ;
+-------------------------------+------------------------------------------+
; Flow Status                   ; Successful - Sat Sep 19 12:14:50 2020    ;
; Quartus II 64-Bit Version     ; 9.0 Build 132 02/25/2009 SJ Full Version ;
; Revision Name                 ; PLIS                                     ;
; Top-level Entity Name         ; IMITATOR                                 ;
; Family                        ; Stratix II                               ;
; Met timing requirements       ; Yes                                      ;
; Logic utilization             ; < 1 %                                    ;
;     Combinational ALUTs       ; 13 / 12,480 ( < 1 % )                    ;
;     Dedicated logic registers ; 12 / 12,480 ( < 1 % )                    ;
; Total registers               ; 12                                       ;
; Total pins                    ; 4 / 343 ( 1 % )                          ;
; Total virtual pins            ; 0                                        ;
; Total block memory bits       ; 0 / 419,328 ( 0 % )                      ;
; DSP block 9-bit elements      ; 0 / 96 ( 0 % )                           ;
; Total PLLs                    ; 0 / 6 ( 0 % )                            ;
; Total DLLs                    ; 0 / 2 ( 0 % )                            ;
; Device                        ; EP2S15F484C3                             ;
; Timing Models                 ; Final                                    ;
+-------------------------------+------------------------------------------+


+-----------------------------------------+
; Flow Settings                           ;
+-------------------+---------------------+
; Option            ; Setting             ;
+-------------------+---------------------+
; Start date & time ; 09/19/2020 12:14:44 ;
; Main task         ; Compilation         ;
; Revision Name     ; PLIS                ;
+-------------------+---------------------+


+-----------------------------------------------------------------------------------------------------+
; Flow Non-Default Global Settings                                                                    ;
+------------------------+---------------------------------+---------------+-------------+------------+
; Assignment Name        ; Value                           ; Default Value ; Entity Name ; Section Id ;
+------------------------+---------------------------------+---------------+-------------+------------+
; COMPILER_SIGNATURE_ID  ; 273777355195841.160050688402640 ; --            ; --          ; --         ;
; PARTITION_COLOR        ; 16764057                        ; --            ; IMITATOR    ; Top        ;
; PARTITION_NETLIST_TYPE ; SOURCE                          ; --            ; IMITATOR    ; Top        ;
; TOP_LEVEL_ENTITY       ; IMITATOR                        ; PLIS          ; --          ; --         ;
+------------------------+---------------------------------+---------------+-------------+------------+


+-------------------------------------------------------------------------------------------------------------------------------+
; Flow Elapsed Time                                                                                                             ;
+---------------------------+--------------+-------------------------+---------------------+------------------------------------+
; Module Name               ; Elapsed Time ; Average Processors Used ; Peak Virtual Memory ; Total CPU Time (on all processors) ;
+---------------------------+--------------+-------------------------+---------------------+------------------------------------+
; Analysis & Synthesis      ; 00:00:03     ; 1.0                     ; 4465 MB             ; 00:00:01                           ;
; Fitter                    ; 00:00:02     ; 1.0                     ; 4526 MB             ; 00:00:02                           ;
; Assembler                 ; 00:00:00     ; 1.0                     ; 4373 MB             ; 00:00:00                           ;
; Classic Timing Analyzer   ; 00:00:00     ; 1.0                     ; 4365 MB             ; 00:00:00                           ;
; TimeQuest Timing Analyzer ; 00:00:03     ; 1.0                     ; 4445 MB             ; 00:00:01                           ;
; Total                     ; 00:00:08     ; --                      ; --                  ; 00:00:04                           ;
+---------------------------+--------------+-------------------------+---------------------+------------------------------------+


+--------------------------------------------------------------------------------------------+
; Flow OS Summary                                                                            ;
+---------------------------+------------------+---------------+------------+----------------+
; Module Name               ; Machine Hostname ; OS Name       ; OS Version ; Processor type ;
+---------------------------+------------------+---------------+------------+----------------+
; Analysis & Synthesis      ; RKS-3            ; Windows Vista ; 6.2        ; x86_64         ;
; Fitter                    ; RKS-3            ; Windows Vista ; 6.2        ; x86_64         ;
; Assembler                 ; RKS-3            ; Windows Vista ; 6.2        ; x86_64         ;
; Classic Timing Analyzer   ; RKS-3            ; Windows Vista ; 6.2        ; x86_64         ;
; TimeQuest Timing Analyzer ; RKS-3            ; Windows Vista ; 6.2        ; x86_64         ;
+---------------------------+------------------+---------------+------------+----------------+


------------
; Flow Log ;
------------
quartus_map --read_settings_files=on --write_settings_files=off PLIS -c PLIS
quartus_fit --read_settings_files=off --write_settings_files=off PLIS -c PLIS
quartus_asm --read_settings_files=off --write_settings_files=off PLIS -c PLIS
quartus_tan --read_settings_files=off --write_settings_files=off PLIS -c PLIS --timing_analysis_only
quartus_sta PLIS -c PLIS



