Classic Timing Analyzer report for PLIS
Sat Sep 19 12:14:50 2020
Quartus II 64-Bit Version 9.0 Build 132 02/25/2009 SJ Full Version


---------------------
; Table of Contents ;
---------------------
  1. Legal Notice
  2. Timing Analyzer Summary
  3. Timing Analyzer Settings
  4. Clock Settings Summary
  5. Parallel Compilation
  6. Clock Setup: 'CLK_IN'
  7. tsu
  8. tco
  9. th
 10. Timing Analyzer Messages



----------------
; Legal Notice ;
----------------
Copyright (C) 1991-2009 Altera Corporation
Your use of Altera Corporation's design tools, logic functions 
and other software and tools, and its AMPP partner logic 
functions, and any output files from any of the foregoing 
(including device programming or simulation files), and any 
associated documentation or information are expressly subject 
to the terms and conditions of the Altera Program License 
Subscription Agreement, Altera MegaCore Function License 
Agreement, or other applicable license agreement, including, 
without limitation, that your use is for the sole purpose of 
programming logic devices manufactured by Altera and sold by 
Altera or its authorized distributors.  Please refer to the 
applicable agreement for further details.



+--------------------------------------------------------------------------------------------------------------------------------------------------------------------------------------------------------------------+
; Timing Analyzer Summary                                                                                                                                                                                            ;
+------------------------------+-------+---------------+------------------------------------------------+----------------------------------+----------------------------------+------------+----------+--------------+
; Type                         ; Slack ; Required Time ; Actual Time                                    ; From                             ; To                               ; From Clock ; To Clock ; Failed Paths ;
+------------------------------+-------+---------------+------------------------------------------------+----------------------------------+----------------------------------+------------+----------+--------------+
; Worst-case tsu               ; N/A   ; None          ; 2.622 ns                                       ; EN_IN                            ; block1:inst|counter:inst2|tmp[6] ; --         ; CLK_IN   ; 0            ;
; Worst-case tco               ; N/A   ; None          ; 5.046 ns                                       ; switch:inst4|DOUT                ; OUT                              ; CLK_IN     ; --       ; 0            ;
; Worst-case th                ; N/A   ; None          ; -2.383 ns                                      ; EN_IN                            ; block1:inst|counter:inst2|tmp[6] ; --         ; CLK_IN   ; 0            ;
; Clock Setup: 'CLK_IN'        ; N/A   ; None          ; Restricted to 500.00 MHz ( period = 2.000 ns ) ; block1:inst|counter:inst2|tmp[0] ; block1:inst|counter:inst2|tmp[6] ; CLK_IN     ; CLK_IN   ; 0            ;
; Total number of failed paths ;       ;               ;                                                ;                                  ;                                  ;            ;          ; 0            ;
+------------------------------+-------+---------------+------------------------------------------------+----------------------------------+----------------------------------+------------+----------+--------------+


+--------------------------------------------------------------------------------------------------------------------+
; Timing Analyzer Settings                                                                                           ;
+---------------------------------------------------------------------+--------------------+------+----+-------------+
; Option                                                              ; Setting            ; From ; To ; Entity Name ;
+---------------------------------------------------------------------+--------------------+------+----+-------------+
; Device Name                                                         ; EP2S15F484C3       ;      ;    ;             ;
; Timing Models                                                       ; Final              ;      ;    ;             ;
; Default hold multicycle                                             ; Same as Multicycle ;      ;    ;             ;
; Cut paths between unrelated clock domains                           ; On                 ;      ;    ;             ;
; Cut off read during write signal paths                              ; On                 ;      ;    ;             ;
; Cut off feedback from I/O pins                                      ; On                 ;      ;    ;             ;
; Report Combined Fast/Slow Timing                                    ; Off                ;      ;    ;             ;
; Ignore Clock Settings                                               ; Off                ;      ;    ;             ;
; Analyze latches as synchronous elements                             ; On                 ;      ;    ;             ;
; Enable Recovery/Removal analysis                                    ; Off                ;      ;    ;             ;
; Enable Clock Latency                                                ; Off                ;      ;    ;             ;
; Use TimeQuest Timing Analyzer                                       ; Off                ;      ;    ;             ;
; Number of source nodes to report per destination node               ; 10                 ;      ;    ;             ;
; Number of destination nodes to report                               ; 10                 ;      ;    ;             ;
; Number of paths to report                                           ; 200                ;      ;    ;             ;
; Report Minimum Timing Checks                                        ; Off                ;      ;    ;             ;
; Use Fast Timing Models                                              ; Off                ;      ;    ;             ;
; Report IO Paths Separately                                          ; Off                ;      ;    ;             ;
; Perform Multicorner Analysis                                        ; On                 ;      ;    ;             ;
; Reports the worst-case path for each clock domain and analysis      ; Off                ;      ;    ;             ;
; Removes common clock path pessimism (CCPP) during slack computation ; Off                ;      ;    ;             ;
; Output I/O Timing Endpoint                                          ; Near End           ;      ;    ;             ;
+---------------------------------------------------------------------+--------------------+------+----+-------------+


+------------------------------------------------------------------------------------------------------------------------------------------------------------------------------------+
; Clock Settings Summary                                                                                                                                                             ;
+-----------------+--------------------+----------+------------------+---------------+--------------+----------+-----------------------+---------------------+--------+--------------+
; Clock Node Name ; Clock Setting Name ; Type     ; Fmax Requirement ; Early Latency ; Late Latency ; Based on ; Multiply Base Fmax by ; Divide Base Fmax by ; Offset ; Phase offset ;
+-----------------+--------------------+----------+------------------+---------------+--------------+----------+-----------------------+---------------------+--------+--------------+
; CLK_IN          ;                    ; User Pin ; None             ; 0.000 ns      ; 0.000 ns     ; --       ; N/A                   ; N/A                 ; N/A    ;              ;
+-----------------+--------------------+----------+------------------+---------------+--------------+----------+-----------------------+---------------------+--------+--------------+


+------------------------------------------+
; Parallel Compilation                     ;
+----------------------------+-------------+
; Processors                 ; Number      ;
+----------------------------+-------------+
; Number detected on machine ; 4           ;
; Maximum allowed            ; 4           ;
;                            ;             ;
; Average used               ; 1.00        ;
; Maximum used               ; 1           ;
;                            ;             ;
; Usage by Processor         ; % Time Used ;
;     1 processor            ; 100.0%      ;
;     2-4 processors         ;   0.0%      ;
+----------------------------+-------------+


+------------------------------------------------------------------------------------------------------------------------------------------------------------------------------------------------------------------------------------------+
; Clock Setup: 'CLK_IN'                                                                                                                                                                                                                    ;
+-------+------------------------------------------------+----------------------------------+----------------------------------+------------+----------+-----------------------------+---------------------------+-------------------------+
; Slack ; Actual fmax (period)                           ; From                             ; To                               ; From Clock ; To Clock ; Required Setup Relationship ; Required Longest P2P Time ; Actual Longest P2P Time ;
+-------+------------------------------------------------+----------------------------------+----------------------------------+------------+----------+-----------------------------+---------------------------+-------------------------+
; N/A   ; Restricted to 500.00 MHz ( period = 2.000 ns ) ; block1:inst|counter:inst2|tmp[0] ; block1:inst|counter:inst2|tmp[6] ; CLK_IN     ; CLK_IN   ; None                        ; None                      ; 0.892 ns                ;
; N/A   ; Restricted to 500.00 MHz ( period = 2.000 ns ) ; block1:inst|counter:inst2|tmp[6] ; switch:inst4|DOUT                ; CLK_IN     ; CLK_IN   ; None                        ; None                      ; 0.885 ns                ;
; N/A   ; Restricted to 500.00 MHz ( period = 2.000 ns ) ; block1:inst|counter:inst2|tmp[0] ; block1:inst|counter:inst2|tmp[5] ; CLK_IN     ; CLK_IN   ; None                        ; None                      ; 0.857 ns                ;
; N/A   ; Restricted to 500.00 MHz ( period = 2.000 ns ) ; block1:inst|counter:inst2|tmp[5] ; switch:inst4|DOUT                ; CLK_IN     ; CLK_IN   ; None                        ; None                      ; 0.854 ns                ;
; N/A   ; Restricted to 500.00 MHz ( period = 2.000 ns ) ; block1:inst|counter:inst2|tmp[0] ; block1:inst|counter:inst2|tmp[4] ; CLK_IN     ; CLK_IN   ; None                        ; None                      ; 0.822 ns                ;
; N/A   ; Restricted to 500.00 MHz ( period = 2.000 ns ) ; block1:inst|counter:inst2|tmp[1] ; block1:inst|counter:inst2|tmp[6] ; CLK_IN     ; CLK_IN   ; None                        ; None                      ; 0.820 ns                ;
; N/A   ; Restricted to 500.00 MHz ( period = 2.000 ns ) ; block1:inst|marker1:inst1|tmp[0] ; switch:inst4|DOUT                ; CLK_IN     ; CLK_IN   ; None                        ; None                      ; 0.809 ns                ;
; N/A   ; Restricted to 500.00 MHz ( period = 2.000 ns ) ; block1:inst|marker1:inst1|tmp[0] ; block1:inst|marker1:inst1|tmp[2] ; CLK_IN     ; CLK_IN   ; None                        ; None                      ; 0.806 ns                ;
; N/A   ; Restricted to 500.00 MHz ( period = 2.000 ns ) ; block1:inst|counter:inst2|tmp[0] ; block1:inst|counter:inst2|tmp[3] ; CLK_IN     ; CLK_IN   ; None                        ; None                      ; 0.787 ns                ;
; N/A   ; Restricted to 500.00 MHz ( period = 2.000 ns ) ; block1:inst|counter:inst2|tmp[1] ; block1:inst|counter:inst2|tmp[5] ; CLK_IN     ; CLK_IN   ; None                        ; None                      ; 0.785 ns                ;
; N/A   ; Restricted to 500.00 MHz ( period = 2.000 ns ) ; block1:inst|counter:inst2|tmp[2] ; block1:inst|counter:inst2|tmp[6] ; CLK_IN     ; CLK_IN   ; None                        ; None                      ; 0.785 ns                ;
; N/A   ; Restricted to 500.00 MHz ( period = 2.000 ns ) ; block1:inst|counter:inst2|tmp[4] ; switch:inst4|DOUT                ; CLK_IN     ; CLK_IN   ; None                        ; None                      ; 0.763 ns                ;
; N/A   ; Restricted to 500.00 MHz ( period = 2.000 ns ) ; block1:inst|marker1:inst1|tmp[2] ; switch:inst4|DOUT                ; CLK_IN     ; CLK_IN   ; None                        ; None                      ; 0.762 ns                ;
; N/A   ; Restricted to 500.00 MHz ( period = 2.000 ns ) ; block1:inst|marker1:inst1|tmp[2] ; block1:inst|marker1:inst1|tmp[3] ; CLK_IN     ; CLK_IN   ; None                        ; None                      ; 0.760 ns                ;
; N/A   ; Restricted to 500.00 MHz ( period = 2.000 ns ) ; block1:inst|counter:inst2|tmp[0] ; block1:inst|counter:inst2|tmp[2] ; CLK_IN     ; CLK_IN   ; None                        ; None                      ; 0.752 ns                ;
; N/A   ; Restricted to 500.00 MHz ( period = 2.000 ns ) ; block1:inst|counter:inst2|tmp[1] ; block1:inst|counter:inst2|tmp[4] ; CLK_IN     ; CLK_IN   ; None                        ; None                      ; 0.750 ns                ;
; N/A   ; Restricted to 500.00 MHz ( period = 2.000 ns ) ; block1:inst|counter:inst2|tmp[2] ; block1:inst|counter:inst2|tmp[5] ; CLK_IN     ; CLK_IN   ; None                        ; None                      ; 0.750 ns                ;
; N/A   ; Restricted to 500.00 MHz ( period = 2.000 ns ) ; block1:inst|counter:inst2|tmp[3] ; block1:inst|counter:inst2|tmp[6] ; CLK_IN     ; CLK_IN   ; None                        ; None                      ; 0.750 ns                ;
; N/A   ; Restricted to 500.00 MHz ( period = 2.000 ns ) ; block1:inst|counter:inst2|tmp[1] ; block1:inst|counter:inst2|tmp[3] ; CLK_IN     ; CLK_IN   ; None                        ; None                      ; 0.715 ns                ;
; N/A   ; Restricted to 500.00 MHz ( period = 2.000 ns ) ; block1:inst|counter:inst2|tmp[2] ; block1:inst|counter:inst2|tmp[4] ; CLK_IN     ; CLK_IN   ; None                        ; None                      ; 0.715 ns                ;
; N/A   ; Restricted to 500.00 MHz ( period = 2.000 ns ) ; block1:inst|counter:inst2|tmp[3] ; block1:inst|counter:inst2|tmp[5] ; CLK_IN     ; CLK_IN   ; None                        ; None                      ; 0.715 ns                ;
; N/A   ; Restricted to 500.00 MHz ( period = 2.000 ns ) ; block1:inst|counter:inst2|tmp[4] ; block1:inst|counter:inst2|tmp[6] ; CLK_IN     ; CLK_IN   ; None                        ; None                      ; 0.715 ns                ;
; N/A   ; Restricted to 500.00 MHz ( period = 2.000 ns ) ; block1:inst|counter:inst2|tmp[0] ; block1:inst|counter:inst2|tmp[1] ; CLK_IN     ; CLK_IN   ; None                        ; None                      ; 0.689 ns                ;
; N/A   ; Restricted to 500.00 MHz ( period = 2.000 ns ) ; block1:inst|counter:inst2|tmp[1] ; block1:inst|counter:inst2|tmp[2] ; CLK_IN     ; CLK_IN   ; None                        ; None                      ; 0.680 ns                ;
; N/A   ; Restricted to 500.00 MHz ( period = 2.000 ns ) ; block1:inst|counter:inst2|tmp[2] ; block1:inst|counter:inst2|tmp[3] ; CLK_IN     ; CLK_IN   ; None                        ; None                      ; 0.680 ns                ;
; N/A   ; Restricted to 500.00 MHz ( period = 2.000 ns ) ; block1:inst|counter:inst2|tmp[3] ; block1:inst|counter:inst2|tmp[4] ; CLK_IN     ; CLK_IN   ; None                        ; None                      ; 0.680 ns                ;
; N/A   ; Restricted to 500.00 MHz ( period = 2.000 ns ) ; block1:inst|counter:inst2|tmp[4] ; block1:inst|counter:inst2|tmp[5] ; CLK_IN     ; CLK_IN   ; None                        ; None                      ; 0.680 ns                ;
; N/A   ; Restricted to 500.00 MHz ( period = 2.000 ns ) ; block1:inst|counter:inst2|tmp[5] ; block1:inst|counter:inst2|tmp[6] ; CLK_IN     ; CLK_IN   ; None                        ; None                      ; 0.680 ns                ;
; N/A   ; Restricted to 500.00 MHz ( period = 2.000 ns ) ; block1:inst|marker1:inst1|tmp[1] ; switch:inst4|DOUT                ; CLK_IN     ; CLK_IN   ; None                        ; None                      ; 0.646 ns                ;
; N/A   ; Restricted to 500.00 MHz ( period = 2.000 ns ) ; block1:inst|marker1:inst1|tmp[1] ; block1:inst|marker1:inst1|tmp[3] ; CLK_IN     ; CLK_IN   ; None                        ; None                      ; 0.644 ns                ;
; N/A   ; Restricted to 500.00 MHz ( period = 2.000 ns ) ; block1:inst|counter:inst2|tmp[1] ; block1:inst|counter:inst2|tmp[1] ; CLK_IN     ; CLK_IN   ; None                        ; None                      ; 0.609 ns                ;
; N/A   ; Restricted to 500.00 MHz ( period = 2.000 ns ) ; block1:inst|counter:inst2|tmp[2] ; block1:inst|counter:inst2|tmp[2] ; CLK_IN     ; CLK_IN   ; None                        ; None                      ; 0.609 ns                ;
; N/A   ; Restricted to 500.00 MHz ( period = 2.000 ns ) ; block1:inst|counter:inst2|tmp[3] ; block1:inst|counter:inst2|tmp[3] ; CLK_IN     ; CLK_IN   ; None                        ; None                      ; 0.609 ns                ;
; N/A   ; Restricted to 500.00 MHz ( period = 2.000 ns ) ; block1:inst|counter:inst2|tmp[4] ; block1:inst|counter:inst2|tmp[4] ; CLK_IN     ; CLK_IN   ; None                        ; None                      ; 0.609 ns                ;
; N/A   ; Restricted to 500.00 MHz ( period = 2.000 ns ) ; block1:inst|counter:inst2|tmp[5] ; block1:inst|counter:inst2|tmp[5] ; CLK_IN     ; CLK_IN   ; None                        ; None                      ; 0.609 ns                ;
; N/A   ; Restricted to 500.00 MHz ( period = 2.000 ns ) ; block1:inst|counter:inst2|tmp[6] ; block1:inst|counter:inst2|tmp[6] ; CLK_IN     ; CLK_IN   ; None                        ; None                      ; 0.609 ns                ;
; N/A   ; Restricted to 500.00 MHz ( period = 2.000 ns ) ; block1:inst|marker1:inst1|tmp[3] ; switch:inst4|DOUT                ; CLK_IN     ; CLK_IN   ; None                        ; None                      ; 0.592 ns                ;
; N/A   ; Restricted to 500.00 MHz ( period = 2.000 ns ) ; block1:inst|counter:inst2|tmp[0] ; block1:inst|counter:inst2|tmp[0] ; CLK_IN     ; CLK_IN   ; None                        ; None                      ; 0.488 ns                ;
; N/A   ; Restricted to 500.00 MHz ( period = 2.000 ns ) ; block1:inst|marker1:inst1|tmp[2] ; block1:inst|marker1:inst1|tmp[2] ; CLK_IN     ; CLK_IN   ; None                        ; None                      ; 0.488 ns                ;
; N/A   ; Restricted to 500.00 MHz ( period = 2.000 ns ) ; block1:inst|marker1:inst1|tmp[1] ; block1:inst|marker1:inst1|tmp[1] ; CLK_IN     ; CLK_IN   ; None                        ; None                      ; 0.488 ns                ;
; N/A   ; Restricted to 500.00 MHz ( period = 2.000 ns ) ; block1:inst|marker1:inst1|tmp[3] ; block1:inst|marker1:inst1|tmp[3] ; CLK_IN     ; CLK_IN   ; None                        ; None                      ; 0.488 ns                ;
; N/A   ; Restricted to 500.00 MHz ( period = 2.000 ns ) ; block1:inst|marker1:inst1|tmp[0] ; block1:inst|marker1:inst1|tmp[3] ; CLK_IN     ; CLK_IN   ; None                        ; None                      ; 0.438 ns                ;
; N/A   ; Restricted to 500.00 MHz ( period = 2.000 ns ) ; block1:inst|marker1:inst1|tmp[0] ; block1:inst|marker1:inst1|tmp[1] ; CLK_IN     ; CLK_IN   ; None                        ; None                      ; 0.436 ns                ;
; N/A   ; Restricted to 500.00 MHz ( period = 2.000 ns ) ; block1:inst|marker1:inst1|tmp[1] ; block1:inst|marker1:inst1|tmp[2] ; CLK_IN     ; CLK_IN   ; None                        ; None                      ; 0.430 ns                ;
; N/A   ; Restricted to 500.00 MHz ( period = 2.000 ns ) ; block1:inst|marker1:inst1|tmp[0] ; block1:inst|marker1:inst1|tmp[0] ; CLK_IN     ; CLK_IN   ; None                        ; None                      ; 0.396 ns                ;
+-------+------------------------------------------------+----------------------------------+----------------------------------+------------+----------+-----------------------------+---------------------------+-------------------------+


+-----------------------------------------------------------------------------------------+
; tsu                                                                                     ;
+-------+--------------+------------+-------+----------------------------------+----------+
; Slack ; Required tsu ; Actual tsu ; From  ; To                               ; To Clock ;
+-------+--------------+------------+-------+----------------------------------+----------+
; N/A   ; None         ; 2.622 ns   ; EN_IN ; block1:inst|counter:inst2|tmp[1] ; CLK_IN   ;
; N/A   ; None         ; 2.622 ns   ; EN_IN ; block1:inst|counter:inst2|tmp[0] ; CLK_IN   ;
; N/A   ; None         ; 2.622 ns   ; EN_IN ; block1:inst|counter:inst2|tmp[2] ; CLK_IN   ;
; N/A   ; None         ; 2.622 ns   ; EN_IN ; block1:inst|counter:inst2|tmp[3] ; CLK_IN   ;
; N/A   ; None         ; 2.622 ns   ; EN_IN ; block1:inst|counter:inst2|tmp[4] ; CLK_IN   ;
; N/A   ; None         ; 2.622 ns   ; EN_IN ; block1:inst|counter:inst2|tmp[5] ; CLK_IN   ;
; N/A   ; None         ; 2.622 ns   ; EN_IN ; block1:inst|counter:inst2|tmp[6] ; CLK_IN   ;
+-------+--------------+------------+-------+----------------------------------+----------+


+--------------------------------------------------------------------------+
; tco                                                                      ;
+-------+--------------+------------+-------------------+-----+------------+
; Slack ; Required tco ; Actual tco ; From              ; To  ; From Clock ;
+-------+--------------+------------+-------------------+-----+------------+
; N/A   ; None         ; 5.046 ns   ; switch:inst4|DOUT ; OUT ; CLK_IN     ;
+-------+--------------+------------+-------------------+-----+------------+


+-----------------------------------------------------------------------------------------------+
; th                                                                                            ;
+---------------+-------------+-----------+-------+----------------------------------+----------+
; Minimum Slack ; Required th ; Actual th ; From  ; To                               ; To Clock ;
+---------------+-------------+-----------+-------+----------------------------------+----------+
; N/A           ; None        ; -2.383 ns ; EN_IN ; block1:inst|counter:inst2|tmp[1] ; CLK_IN   ;
; N/A           ; None        ; -2.383 ns ; EN_IN ; block1:inst|counter:inst2|tmp[0] ; CLK_IN   ;
; N/A           ; None        ; -2.383 ns ; EN_IN ; block1:inst|counter:inst2|tmp[2] ; CLK_IN   ;
; N/A           ; None        ; -2.383 ns ; EN_IN ; block1:inst|counter:inst2|tmp[3] ; CLK_IN   ;
; N/A           ; None        ; -2.383 ns ; EN_IN ; block1:inst|counter:inst2|tmp[4] ; CLK_IN   ;
; N/A           ; None        ; -2.383 ns ; EN_IN ; block1:inst|counter:inst2|tmp[5] ; CLK_IN   ;
; N/A           ; None        ; -2.383 ns ; EN_IN ; block1:inst|counter:inst2|tmp[6] ; CLK_IN   ;
+---------------+-------------+-----------+-------+----------------------------------+----------+


+--------------------------+
; Timing Analyzer Messages ;
+--------------------------+
Info: *******************************************************************
Info: Running Quartus II 64-Bit Classic Timing Analyzer
    Info: Version 9.0 Build 132 02/25/2009 SJ Full Version
    Info: Processing started: Sat Sep 19 12:14:50 2020
Info: Command: quartus_tan --read_settings_files=off --write_settings_files=off PLIS -c PLIS --timing_analysis_only
Info: Parallel compilation is enabled and will use 4 of the 4 processors detected
Warning: Found pins functioning as undefined clocks and/or memory enables
    Info: Assuming node "CLK_IN" is an undefined clock
Info: Clock "CLK_IN" Internal fmax is restricted to 500.0 MHz between source register "block1:inst|counter:inst2|tmp[0]" and destination register "block1:inst|counter:inst2|tmp[6]"
    Info: fmax restricted to clock pin edge rate 2.0 ns. Expand message to see actual delay path.
        Info: + Longest register to register delay is 0.892 ns
            Info: 1: + IC(0.000 ns) + CELL(0.000 ns) = 0.000 ns; Loc. = LCFF_X39_Y19_N27; Fanout = 3; REG Node = 'block1:inst|counter:inst2|tmp[0]'
            Info: 2: + IC(0.221 ns) + CELL(0.309 ns) = 0.530 ns; Loc. = LCCOMB_X39_Y19_N0; Fanout = 2; COMB Node = 'block1:inst|counter:inst2|Add0~2'
            Info: 3: + IC(0.000 ns) + CELL(0.035 ns) = 0.565 ns; Loc. = LCCOMB_X39_Y19_N2; Fanout = 2; COMB Node = 'block1:inst|counter:inst2|Add0~6'
            Info: 4: + IC(0.000 ns) + CELL(0.035 ns) = 0.600 ns; Loc. = LCCOMB_X39_Y19_N4; Fanout = 2; COMB Node = 'block1:inst|counter:inst2|Add0~10'
            Info: 5: + IC(0.000 ns) + CELL(0.035 ns) = 0.635 ns; Loc. = LCCOMB_X39_Y19_N6; Fanout = 2; COMB Node = 'block1:inst|counter:inst2|Add0~14'
            Info: 6: + IC(0.000 ns) + CELL(0.035 ns) = 0.670 ns; Loc. = LCCOMB_X39_Y19_N8; Fanout = 1; COMB Node = 'block1:inst|counter:inst2|Add0~18'
            Info: 7: + IC(0.000 ns) + CELL(0.125 ns) = 0.795 ns; Loc. = LCCOMB_X39_Y19_N10; Fanout = 1; COMB Node = 'block1:inst|counter:inst2|Add0~21'
            Info: 8: + IC(0.000 ns) + CELL(0.097 ns) = 0.892 ns; Loc. = LCFF_X39_Y19_N11; Fanout = 2; REG Node = 'block1:inst|counter:inst2|tmp[6]'
            Info: Total cell delay = 0.671 ns ( 75.22 % )
            Info: Total interconnect delay = 0.221 ns ( 24.78 % )
        Info: - Smallest clock skew is 0.000 ns
            Info: + Shortest clock path from clock "CLK_IN" to destination register is 2.485 ns
                Info: 1: + IC(0.000 ns) + CELL(0.854 ns) = 0.854 ns; Loc. = PIN_N20; Fanout = 1; CLK Node = 'CLK_IN'
                Info: 2: + IC(0.343 ns) + CELL(0.000 ns) = 1.197 ns; Loc. = CLKCTRL_G3; Fanout = 12; COMB Node = 'CLK_IN~clkctrl'
                Info: 3: + IC(0.670 ns) + CELL(0.618 ns) = 2.485 ns; Loc. = LCFF_X39_Y19_N11; Fanout = 2; REG Node = 'block1:inst|counter:inst2|tmp[6]'
                Info: Total cell delay = 1.472 ns ( 59.24 % )
                Info: Total interconnect delay = 1.013 ns ( 40.76 % )
            Info: - Longest clock path from clock "CLK_IN" to source register is 2.485 ns
                Info: 1: + IC(0.000 ns) + CELL(0.854 ns) = 0.854 ns; Loc. = PIN_N20; Fanout = 1; CLK Node = 'CLK_IN'
                Info: 2: + IC(0.343 ns) + CELL(0.000 ns) = 1.197 ns; Loc. = CLKCTRL_G3; Fanout = 12; COMB Node = 'CLK_IN~clkctrl'
                Info: 3: + IC(0.670 ns) + CELL(0.618 ns) = 2.485 ns; Loc. = LCFF_X39_Y19_N27; Fanout = 3; REG Node = 'block1:inst|counter:inst2|tmp[0]'
                Info: Total cell delay = 1.472 ns ( 59.24 % )
                Info: Total interconnect delay = 1.013 ns ( 40.76 % )
        Info: + Micro clock to output delay of source is 0.094 ns
        Info: + Micro setup delay of destination is 0.090 ns
Info: tsu for register "block1:inst|counter:inst2|tmp[1]" (data pin = "EN_IN", clock pin = "CLK_IN") is 2.622 ns
    Info: + Longest pin to register delay is 5.017 ns
        Info: 1: + IC(0.000 ns) + CELL(0.820 ns) = 0.820 ns; Loc. = PIN_J3; Fanout = 7; PIN Node = 'EN_IN'
        Info: 2: + IC(3.451 ns) + CELL(0.746 ns) = 5.017 ns; Loc. = LCFF_X39_Y19_N1; Fanout = 2; REG Node = 'block1:inst|counter:inst2|tmp[1]'
        Info: Total cell delay = 1.566 ns ( 31.21 % )
        Info: Total interconnect delay = 3.451 ns ( 68.79 % )
    Info: + Micro setup delay of destination is 0.090 ns
    Info: - Shortest clock path from clock "CLK_IN" to destination register is 2.485 ns
        Info: 1: + IC(0.000 ns) + CELL(0.854 ns) = 0.854 ns; Loc. = PIN_N20; Fanout = 1; CLK Node = 'CLK_IN'
        Info: 2: + IC(0.343 ns) + CELL(0.000 ns) = 1.197 ns; Loc. = CLKCTRL_G3; Fanout = 12; COMB Node = 'CLK_IN~clkctrl'
        Info: 3: + IC(0.670 ns) + CELL(0.618 ns) = 2.485 ns; Loc. = LCFF_X39_Y19_N1; Fanout = 2; REG Node = 'block1:inst|counter:inst2|tmp[1]'
        Info: Total cell delay = 1.472 ns ( 59.24 % )
        Info: Total interconnect delay = 1.013 ns ( 40.76 % )
Info: tco from clock "CLK_IN" to destination pin "OUT" through register "switch:inst4|DOUT" is 5.046 ns
    Info: + Longest clock path from clock "CLK_IN" to source register is 2.485 ns
        Info: 1: + IC(0.000 ns) + CELL(0.854 ns) = 0.854 ns; Loc. = PIN_N20; Fanout = 1; CLK Node = 'CLK_IN'
        Info: 2: + IC(0.343 ns) + CELL(0.000 ns) = 1.197 ns; Loc. = CLKCTRL_G3; Fanout = 12; COMB Node = 'CLK_IN~clkctrl'
        Info: 3: + IC(0.670 ns) + CELL(0.618 ns) = 2.485 ns; Loc. = LCFF_X39_Y19_N29; Fanout = 1; REG Node = 'switch:inst4|DOUT'
        Info: Total cell delay = 1.472 ns ( 59.24 % )
        Info: Total interconnect delay = 1.013 ns ( 40.76 % )
    Info: + Micro clock to output delay of source is 0.094 ns
    Info: + Longest register to pin delay is 2.467 ns
        Info: 1: + IC(0.000 ns) + CELL(0.000 ns) = 0.000 ns; Loc. = LCFF_X39_Y19_N29; Fanout = 1; REG Node = 'switch:inst4|DOUT'
        Info: 2: + IC(0.323 ns) + CELL(2.144 ns) = 2.467 ns; Loc. = PIN_J2; Fanout = 0; PIN Node = 'OUT'
        Info: Total cell delay = 2.144 ns ( 86.91 % )
        Info: Total interconnect delay = 0.323 ns ( 13.09 % )
Info: th for register "block1:inst|counter:inst2|tmp[1]" (data pin = "EN_IN", clock pin = "CLK_IN") is -2.383 ns
    Info: + Longest clock path from clock "CLK_IN" to destination register is 2.485 ns
        Info: 1: + IC(0.000 ns) + CELL(0.854 ns) = 0.854 ns; Loc. = PIN_N20; Fanout = 1; CLK Node = 'CLK_IN'
        Info: 2: + IC(0.343 ns) + CELL(0.000 ns) = 1.197 ns; Loc. = CLKCTRL_G3; Fanout = 12; COMB Node = 'CLK_IN~clkctrl'
        Info: 3: + IC(0.670 ns) + CELL(0.618 ns) = 2.485 ns; Loc. = LCFF_X39_Y19_N1; Fanout = 2; REG Node = 'block1:inst|counter:inst2|tmp[1]'
        Info: Total cell delay = 1.472 ns ( 59.24 % )
        Info: Total interconnect delay = 1.013 ns ( 40.76 % )
    Info: + Micro hold delay of destination is 0.149 ns
    Info: - Shortest pin to register delay is 5.017 ns
        Info: 1: + IC(0.000 ns) + CELL(0.820 ns) = 0.820 ns; Loc. = PIN_J3; Fanout = 7; PIN Node = 'EN_IN'
        Info: 2: + IC(3.451 ns) + CELL(0.746 ns) = 5.017 ns; Loc. = LCFF_X39_Y19_N1; Fanout = 2; REG Node = 'block1:inst|counter:inst2|tmp[1]'
        Info: Total cell delay = 1.566 ns ( 31.21 % )
        Info: Total interconnect delay = 3.451 ns ( 68.79 % )
Info: Quartus II 64-Bit Classic Timing Analyzer was successful. 0 errors, 1 warning
    Info: Peak virtual memory: 4385 megabytes
    Info: Processing ended: Sat Sep 19 12:14:50 2020
    Info: Elapsed time: 00:00:00
    Info: Total CPU time (on all processors): 00:00:00


